2024-06-20 00:25:22 ERROR y.m.controller.CommonController - 文件下载失败: F:\CodeFile\mygoSchool\src\main\resources\static\shop\a9b62499-235b-4df7-b5fc-fbead7fcbb53.jpg (系统找不到指定的文件。)
2024-06-20 00:38:32 ERROR o.a.c.c.C.[.[.[.[dispatcherServlet] - Servlet.service() for servlet [dispatcherServlet] in context with path [] threw exception [Request processing failed: org.springframework.dao.DataIntegrityViolationException: 
### Error updating database.  Cause: java.sql.SQLException: Field 'price' doesn't have a default value
### The error may exist in yirc/mygoschool/mapper/ShopMapper.java (best guess)
### The error may involve yirc.mygoschool.mapper.ShopMapper.insert-Inline
### The error occurred while setting parameters
### SQL: INSERT INTO shop  ( id, detail )  VALUES (  ?, ?  )
### Cause: java.sql.SQLException: Field 'price' doesn't have a default value
; Field 'price' doesn't have a default value] with root cause
java.sql.SQLException: Field 'price' doesn't have a default value
	at com.mysql.cj.jdbc.exceptions.SQLError.createSQLException(SQLError.java:130)
	at com.mysql.cj.jdbc.exceptions.SQLExceptionsMapping.translateException(SQLExceptionsMapping.java:122)
	at com.mysql.cj.jdbc.ClientPreparedStatement.executeInternal(ClientPreparedStatement.java:916)
	at com.mysql.cj.jdbc.ClientPreparedStatement.execute(ClientPreparedStatement.java:354)
	at com.zaxxer.hikari.pool.ProxyPreparedStatement.execute(ProxyPreparedStatement.java:44)
	at com.zaxxer.hikari.pool.HikariProxyPreparedStatement.execute(HikariProxyPreparedStatement.java)
	at java.base/jdk.internal.reflect.DirectMethodHandleAccessor.invoke(DirectMethodHandleAccessor.java:103)
	at java.base/java.lang.reflect.Method.invoke(Method.java:580)
	at org.apache.ibatis.logging.jdbc.PreparedStatementLogger.invoke(PreparedStatementLogger.java:58)
	at jdk.proxy3/jdk.proxy3.$Proxy101.execute(Unknown Source)
	at org.apache.ibatis.executor.statement.PreparedStatementHandler.update(PreparedStatementHandler.java:48)
	at org.apache.ibatis.executor.statement.RoutingStatementHandler.update(RoutingStatementHandler.java:75)
	at java.base/jdk.internal.reflect.DirectMethodHandleAccessor.invoke(DirectMethodHandleAccessor.java:103)
	at java.base/java.lang.reflect.Method.invoke(Method.java:580)
	at org.apache.ibatis.plugin.Plugin.invoke(Plugin.java:61)
	at jdk.proxy2/jdk.proxy2.$Proxy99.update(Unknown Source)
	at org.apache.ibatis.executor.SimpleExecutor.doUpdate(SimpleExecutor.java:50)
	at org.apache.ibatis.executor.BaseExecutor.update(BaseExecutor.java:117)
	at java.base/jdk.internal.reflect.DirectMethodHandleAccessor.invoke(DirectMethodHandleAccessor.java:103)
	at java.base/java.lang.reflect.Method.invoke(Method.java:580)
	at org.apache.ibatis.plugin.Invocation.proceed(Invocation.java:49)
	at com.baomidou.mybatisplus.extension.plugins.MybatisPlusInterceptor.intercept(MybatisPlusInterceptor.java:106)
	at org.apache.ibatis.plugin.Plugin.invoke(Plugin.java:59)
	at jdk.proxy2/jdk.proxy2.$Proxy98.update(Unknown Source)
	at org.apache.ibatis.session.defaults.DefaultSqlSession.update(DefaultSqlSession.java:197)
	at org.apache.ibatis.session.defaults.DefaultSqlSession.insert(DefaultSqlSession.java:184)
	at java.base/jdk.internal.reflect.DirectMethodHandleAccessor.invoke(DirectMethodHandleAccessor.java:103)
	at java.base/java.lang.reflect.Method.invoke(Method.java:580)
	at org.mybatis.spring.SqlSessionTemplate$SqlSessionInterceptor.invoke(SqlSessionTemplate.java:425)
	at jdk.proxy2/jdk.proxy2.$Proxy93.insert(Unknown Source)
	at org.mybatis.spring.SqlSessionTemplate.insert(SqlSessionTemplate.java:272)
	at com.baomidou.mybatisplus.core.override.MybatisMapperMethod.execute(MybatisMapperMethod.java:59)
	at com.baomidou.mybatisplus.core.override.MybatisMapperProxy$PlainMethodInvoker.invoke(MybatisMapperProxy.java:152)
	at com.baomidou.mybatisplus.core.override.MybatisMapperProxy.invoke(MybatisMapperProxy.java:89)
	at jdk.proxy2/jdk.proxy2.$Proxy122.insert(Unknown Source)
	at com.baomidou.mybatisplus.extension.service.IService.save(IService.java:60)
	at java.base/jdk.internal.reflect.DirectMethodHandleAccessor.invoke(DirectMethodHandleAccessor.java:103)
	at java.base/java.lang.reflect.Method.invoke(Method.java:580)
	at org.springframework.aop.support.AopUtils.invokeJoinpointUsingReflection(AopUtils.java:352)
	at org.springframework.aop.framework.CglibAopProxy$DynamicAdvisedInterceptor.intercept(CglibAopProxy.java:713)
	at yirc.mygoschool.service.impl.ShopServiceImpl$$SpringCGLIB$$0.save(<generated>)
	at yirc.mygoschool.controller.ShopController.addShop(ShopController.java:105)
	at java.base/jdk.internal.reflect.DirectMethodHandleAccessor.invoke(DirectMethodHandleAccessor.java:103)
	at java.base/java.lang.reflect.Method.invoke(Method.java:580)
	at org.springframework.web.method.support.InvocableHandlerMethod.doInvoke(InvocableHandlerMethod.java:254)
	at org.springframework.web.method.support.InvocableHandlerMethod.invokeForRequest(InvocableHandlerMethod.java:182)
	at org.springframework.web.servlet.mvc.method.annotation.ServletInvocableHandlerMethod.invokeAndHandle(ServletInvocableHandlerMethod.java:118)
	at org.springframework.web.servlet.mvc.method.annotation.RequestMappingHandlerAdapter.invokeHandlerMethod(RequestMappingHandlerAdapter.java:917)
	at org.springframework.web.servlet.mvc.method.annotation.RequestMappingHandlerAdapter.handleInternal(RequestMappingHandlerAdapter.java:829)
	at org.springframework.web.servlet.mvc.method.AbstractHandlerMethodAdapter.handle(AbstractHandlerMethodAdapter.java:87)
	at org.springframework.web.servlet.DispatcherServlet.doDispatch(DispatcherServlet.java:1089)
	at org.springframework.web.servlet.DispatcherServlet.doService(DispatcherServlet.java:979)
	at org.springframework.web.servlet.FrameworkServlet.processRequest(FrameworkServlet.java:1014)
	at org.springframework.web.servlet.FrameworkServlet.doPost(FrameworkServlet.java:914)
	at jakarta.servlet.http.HttpServlet.service(HttpServlet.java:590)
	at org.springframework.web.servlet.FrameworkServlet.service(FrameworkServlet.java:885)
	at jakarta.servlet.http.HttpServlet.service(HttpServlet.java:658)
	at org.apache.catalina.core.ApplicationFilterChain.internalDoFilter(ApplicationFilterChain.java:205)
	at org.apache.catalina.core.ApplicationFilterChain.doFilter(ApplicationFilterChain.java:149)
	at org.apache.tomcat.websocket.server.WsFilter.doFilter(WsFilter.java:51)
	at org.apache.catalina.core.ApplicationFilterChain.internalDoFilter(ApplicationFilterChain.java:174)
	at org.apache.catalina.core.ApplicationFilterChain.doFilter(ApplicationFilterChain.java:149)
	at org.springframework.web.filter.CorsFilter.doFilterInternal(CorsFilter.java:91)
	at org.springframework.web.filter.OncePerRequestFilter.doFilter(OncePerRequestFilter.java:116)
	at org.apache.catalina.core.ApplicationFilterChain.internalDoFilter(ApplicationFilterChain.java:174)
	at org.apache.catalina.core.ApplicationFilterChain.doFilter(ApplicationFilterChain.java:149)
	at yirc.mygoschool.filter.LoginFilter.doFilter(LoginFilter.java:108)
	at org.apache.catalina.core.ApplicationFilterChain.internalDoFilter(ApplicationFilterChain.java:174)
	at org.apache.catalina.core.ApplicationFilterChain.doFilter(ApplicationFilterChain.java:149)
	at yirc.mygoschool.filter.BlackFilter.doFilter(BlackFilter.java:48)
	at org.apache.catalina.core.ApplicationFilterChain.internalDoFilter(ApplicationFilterChain.java:174)
	at org.apache.catalina.core.ApplicationFilterChain.doFilter(ApplicationFilterChain.java:149)
	at yirc.mygoschool.filter.AdminFilter.doFilter(AdminFilter.java:91)
	at org.apache.catalina.core.ApplicationFilterChain.internalDoFilter(ApplicationFilterChain.java:174)
	at org.apache.catalina.core.ApplicationFilterChain.doFilter(ApplicationFilterChain.java:149)
	at yirc.mygoschool.filter.AdminFilter.doFilter(AdminFilter.java:91)
	at org.apache.catalina.core.ApplicationFilterChain.internalDoFilter(ApplicationFilterChain.java:174)
	at org.apache.catalina.core.ApplicationFilterChain.doFilter(ApplicationFilterChain.java:149)
	at yirc.mygoschool.filter.BlackFilter.doFilter(BlackFilter.java:48)
	at org.apache.catalina.core.ApplicationFilterChain.internalDoFilter(ApplicationFilterChain.java:174)
	at org.apache.catalina.core.ApplicationFilterChain.doFilter(ApplicationFilterChain.java:149)
	at yirc.mygoschool.filter.LoginFilter.doFilter(LoginFilter.java:108)
	at org.apache.catalina.core.ApplicationFilterChain.internalDoFilter(ApplicationFilterChain.java:174)
	at org.apache.catalina.core.ApplicationFilterChain.doFilter(ApplicationFilterChain.java:149)
	at org.springframework.security.web.FilterChainProxy.doFilterInternal(FilterChainProxy.java:219)
	at org.springframework.security.web.FilterChainProxy.doFilter(FilterChainProxy.java:191)
	at org.springframework.web.filter.DelegatingFilterProxy.invokeDelegate(DelegatingFilterProxy.java:352)
	at org.springframework.web.filter.DelegatingFilterProxy.doFilter(DelegatingFilterProxy.java:268)
	at org.apache.catalina.core.ApplicationFilterChain.internalDoFilter(ApplicationFilterChain.java:174)
	at org.apache.catalina.core.ApplicationFilterChain.doFilter(ApplicationFilterChain.java:149)
	at org.springframework.web.filter.RequestContextFilter.doFilterInternal(RequestContextFilter.java:100)
	at org.springframework.web.filter.OncePerRequestFilter.doFilter(OncePerRequestFilter.java:116)
	at org.apache.catalina.core.ApplicationFilterChain.internalDoFilter(ApplicationFilterChain.java:174)
	at org.apache.catalina.core.ApplicationFilterChain.doFilter(ApplicationFilterChain.java:149)
	at org.springframework.web.filter.FormContentFilter.doFilterInternal(FormContentFilter.java:93)
	at org.springframework.web.filter.OncePerRequestFilter.doFilter(OncePerRequestFilter.java:116)
	at org.apache.catalina.core.ApplicationFilterChain.internalDoFilter(ApplicationFilterChain.java:174)
	at org.apache.catalina.core.ApplicationFilterChain.doFilter(ApplicationFilterChain.java:149)
	at org.springframework.web.filter.CharacterEncodingFilter.doFilterInternal(CharacterEncodingFilter.java:201)
	at org.springframework.web.filter.OncePerRequestFilter.doFilter(OncePerRequestFilter.java:116)
	at org.apache.catalina.core.ApplicationFilterChain.internalDoFilter(ApplicationFilterChain.java:174)
	at org.apache.catalina.core.ApplicationFilterChain.doFilter(ApplicationFilterChain.java:149)
	at org.apache.catalina.core.StandardWrapperValve.invoke(StandardWrapperValve.java:167)
	at org.apache.catalina.core.StandardContextValve.invoke(StandardContextValve.java:90)
	at org.apache.catalina.authenticator.AuthenticatorBase.invoke(AuthenticatorBase.java:482)
	at org.apache.catalina.core.StandardHostValve.invoke(StandardHostValve.java:115)
	at org.apache.catalina.valves.ErrorReportValve.invoke(ErrorReportValve.java:93)
	at org.apache.catalina.core.StandardEngineValve.invoke(StandardEngineValve.java:74)
	at org.apache.catalina.connector.CoyoteAdapter.service(CoyoteAdapter.java:340)
	at org.apache.coyote.http11.Http11Processor.service(Http11Processor.java:391)
	at org.apache.coyote.AbstractProcessorLight.process(AbstractProcessorLight.java:63)
	at org.apache.coyote.AbstractProtocol$ConnectionHandler.process(AbstractProtocol.java:896)
	at org.apache.tomcat.util.net.NioEndpoint$SocketProcessor.doRun(NioEndpoint.java:1744)
	at org.apache.tomcat.util.net.SocketProcessorBase.run(SocketProcessorBase.java:52)
	at java.base/java.lang.VirtualThread.run(VirtualThread.java:309)
2024-06-20 00:39:06 ERROR o.a.c.c.C.[.[.[.[dispatcherServlet] - Servlet.service() for servlet [dispatcherServlet] in context with path [] threw exception [Request processing failed: org.springframework.dao.DataIntegrityViolationException: 
### Error updating database.  Cause: java.sql.SQLException: Field 'address' doesn't have a default value
### The error may exist in yirc/mygoschool/mapper/ShopMapper.java (best guess)
### The error may involve yirc.mygoschool.mapper.ShopMapper.insert-Inline
### The error occurred while setting parameters
### SQL: INSERT INTO shop  ( id, detail, price,  imgs,   wechatimg )  VALUES (  ?, ?, ?,  ?,   ?  )
### Cause: java.sql.SQLException: Field 'address' doesn't have a default value
; Field 'address' doesn't have a default value] with root cause
java.sql.SQLException: Field 'address' doesn't have a default value
	at com.mysql.cj.jdbc.exceptions.SQLError.createSQLException(SQLError.java:130)
	at com.mysql.cj.jdbc.exceptions.SQLExceptionsMapping.translateException(SQLExceptionsMapping.java:122)
	at com.mysql.cj.jdbc.ClientPreparedStatement.executeInternal(ClientPreparedStatement.java:916)
	at com.mysql.cj.jdbc.ClientPreparedStatement.execute(ClientPreparedStatement.java:354)
	at com.zaxxer.hikari.pool.ProxyPreparedStatement.execute(ProxyPreparedStatement.java:44)
	at com.zaxxer.hikari.pool.HikariProxyPreparedStatement.execute(HikariProxyPreparedStatement.java)
	at java.base/jdk.internal.reflect.DirectMethodHandleAccessor.invoke(DirectMethodHandleAccessor.java:103)
	at java.base/java.lang.reflect.Method.invoke(Method.java:580)
	at org.apache.ibatis.logging.jdbc.PreparedStatementLogger.invoke(PreparedStatementLogger.java:58)
	at jdk.proxy3/jdk.proxy3.$Proxy101.execute(Unknown Source)
	at org.apache.ibatis.executor.statement.PreparedStatementHandler.update(PreparedStatementHandler.java:48)
	at org.apache.ibatis.executor.statement.RoutingStatementHandler.update(RoutingStatementHandler.java:75)
	at java.base/jdk.internal.reflect.DirectMethodHandleAccessor.invoke(DirectMethodHandleAccessor.java:103)
	at java.base/java.lang.reflect.Method.invoke(Method.java:580)
	at org.apache.ibatis.plugin.Plugin.invoke(Plugin.java:61)
	at jdk.proxy2/jdk.proxy2.$Proxy99.update(Unknown Source)
	at org.apache.ibatis.executor.SimpleExecutor.doUpdate(SimpleExecutor.java:50)
	at org.apache.ibatis.executor.BaseExecutor.update(BaseExecutor.java:117)
	at java.base/jdk.internal.reflect.DirectMethodHandleAccessor.invoke(DirectMethodHandleAccessor.java:103)
	at java.base/java.lang.reflect.Method.invoke(Method.java:580)
	at org.apache.ibatis.plugin.Invocation.proceed(Invocation.java:49)
	at com.baomidou.mybatisplus.extension.plugins.MybatisPlusInterceptor.intercept(MybatisPlusInterceptor.java:106)
	at org.apache.ibatis.plugin.Plugin.invoke(Plugin.java:59)
	at jdk.proxy2/jdk.proxy2.$Proxy98.update(Unknown Source)
	at org.apache.ibatis.session.defaults.DefaultSqlSession.update(DefaultSqlSession.java:197)
	at org.apache.ibatis.session.defaults.DefaultSqlSession.insert(DefaultSqlSession.java:184)
	at java.base/jdk.internal.reflect.DirectMethodHandleAccessor.invoke(DirectMethodHandleAccessor.java:103)
	at java.base/java.lang.reflect.Method.invoke(Method.java:580)
	at org.mybatis.spring.SqlSessionTemplate$SqlSessionInterceptor.invoke(SqlSessionTemplate.java:425)
	at jdk.proxy2/jdk.proxy2.$Proxy93.insert(Unknown Source)
	at org.mybatis.spring.SqlSessionTemplate.insert(SqlSessionTemplate.java:272)
	at com.baomidou.mybatisplus.core.override.MybatisMapperMethod.execute(MybatisMapperMethod.java:59)
	at com.baomidou.mybatisplus.core.override.MybatisMapperProxy$PlainMethodInvoker.invoke(MybatisMapperProxy.java:152)
	at com.baomidou.mybatisplus.core.override.MybatisMapperProxy.invoke(MybatisMapperProxy.java:89)
	at jdk.proxy2/jdk.proxy2.$Proxy122.insert(Unknown Source)
	at com.baomidou.mybatisplus.extension.service.IService.save(IService.java:60)
	at java.base/jdk.internal.reflect.DirectMethodHandleAccessor.invoke(DirectMethodHandleAccessor.java:103)
	at java.base/java.lang.reflect.Method.invoke(Method.java:580)
	at org.springframework.aop.support.AopUtils.invokeJoinpointUsingReflection(AopUtils.java:352)
	at org.springframework.aop.framework.CglibAopProxy$DynamicAdvisedInterceptor.intercept(CglibAopProxy.java:713)
	at yirc.mygoschool.service.impl.ShopServiceImpl$$SpringCGLIB$$0.save(<generated>)
	at yirc.mygoschool.controller.ShopController.addShop(ShopController.java:105)
	at java.base/jdk.internal.reflect.DirectMethodHandleAccessor.invoke(DirectMethodHandleAccessor.java:103)
	at java.base/java.lang.reflect.Method.invoke(Method.java:580)
	at org.springframework.web.method.support.InvocableHandlerMethod.doInvoke(InvocableHandlerMethod.java:254)
	at org.springframework.web.method.support.InvocableHandlerMethod.invokeForRequest(InvocableHandlerMethod.java:182)
	at org.springframework.web.servlet.mvc.method.annotation.ServletInvocableHandlerMethod.invokeAndHandle(ServletInvocableHandlerMethod.java:118)
	at org.springframework.web.servlet.mvc.method.annotation.RequestMappingHandlerAdapter.invokeHandlerMethod(RequestMappingHandlerAdapter.java:917)
	at org.springframework.web.servlet.mvc.method.annotation.RequestMappingHandlerAdapter.handleInternal(RequestMappingHandlerAdapter.java:829)
	at org.springframework.web.servlet.mvc.method.AbstractHandlerMethodAdapter.handle(AbstractHandlerMethodAdapter.java:87)
	at org.springframework.web.servlet.DispatcherServlet.doDispatch(DispatcherServlet.java:1089)
	at org.springframework.web.servlet.DispatcherServlet.doService(DispatcherServlet.java:979)
	at org.springframework.web.servlet.FrameworkServlet.processRequest(FrameworkServlet.java:1014)
	at org.springframework.web.servlet.FrameworkServlet.doPost(FrameworkServlet.java:914)
	at jakarta.servlet.http.HttpServlet.service(HttpServlet.java:590)
	at org.springframework.web.servlet.FrameworkServlet.service(FrameworkServlet.java:885)
	at jakarta.servlet.http.HttpServlet.service(HttpServlet.java:658)
	at org.apache.catalina.core.ApplicationFilterChain.internalDoFilter(ApplicationFilterChain.java:205)
	at org.apache.catalina.core.ApplicationFilterChain.doFilter(ApplicationFilterChain.java:149)
	at org.apache.tomcat.websocket.server.WsFilter.doFilter(WsFilter.java:51)
	at org.apache.catalina.core.ApplicationFilterChain.internalDoFilter(ApplicationFilterChain.java:174)
	at org.apache.catalina.core.ApplicationFilterChain.doFilter(ApplicationFilterChain.java:149)
	at org.springframework.web.filter.CorsFilter.doFilterInternal(CorsFilter.java:91)
	at org.springframework.web.filter.OncePerRequestFilter.doFilter(OncePerRequestFilter.java:116)
	at org.apache.catalina.core.ApplicationFilterChain.internalDoFilter(ApplicationFilterChain.java:174)
	at org.apache.catalina.core.ApplicationFilterChain.doFilter(ApplicationFilterChain.java:149)
	at yirc.mygoschool.filter.LoginFilter.doFilter(LoginFilter.java:108)
	at org.apache.catalina.core.ApplicationFilterChain.internalDoFilter(ApplicationFilterChain.java:174)
	at org.apache.catalina.core.ApplicationFilterChain.doFilter(ApplicationFilterChain.java:149)
	at yirc.mygoschool.filter.BlackFilter.doFilter(BlackFilter.java:48)
	at org.apache.catalina.core.ApplicationFilterChain.internalDoFilter(ApplicationFilterChain.java:174)
	at org.apache.catalina.core.ApplicationFilterChain.doFilter(ApplicationFilterChain.java:149)
	at yirc.mygoschool.filter.AdminFilter.doFilter(AdminFilter.java:91)
	at org.apache.catalina.core.ApplicationFilterChain.internalDoFilter(ApplicationFilterChain.java:174)
	at org.apache.catalina.core.ApplicationFilterChain.doFilter(ApplicationFilterChain.java:149)
	at yirc.mygoschool.filter.AdminFilter.doFilter(AdminFilter.java:91)
	at org.apache.catalina.core.ApplicationFilterChain.internalDoFilter(ApplicationFilterChain.java:174)
	at org.apache.catalina.core.ApplicationFilterChain.doFilter(ApplicationFilterChain.java:149)
	at yirc.mygoschool.filter.BlackFilter.doFilter(BlackFilter.java:48)
	at org.apache.catalina.core.ApplicationFilterChain.internalDoFilter(ApplicationFilterChain.java:174)
	at org.apache.catalina.core.ApplicationFilterChain.doFilter(ApplicationFilterChain.java:149)
	at yirc.mygoschool.filter.LoginFilter.doFilter(LoginFilter.java:108)
	at org.apache.catalina.core.ApplicationFilterChain.internalDoFilter(ApplicationFilterChain.java:174)
	at org.apache.catalina.core.ApplicationFilterChain.doFilter(ApplicationFilterChain.java:149)
	at org.springframework.security.web.FilterChainProxy.doFilterInternal(FilterChainProxy.java:219)
	at org.springframework.security.web.FilterChainProxy.doFilter(FilterChainProxy.java:191)
	at org.springframework.web.filter.DelegatingFilterProxy.invokeDelegate(DelegatingFilterProxy.java:352)
	at org.springframework.web.filter.DelegatingFilterProxy.doFilter(DelegatingFilterProxy.java:268)
	at org.apache.catalina.core.ApplicationFilterChain.internalDoFilter(ApplicationFilterChain.java:174)
	at org.apache.catalina.core.ApplicationFilterChain.doFilter(ApplicationFilterChain.java:149)
	at org.springframework.web.filter.RequestContextFilter.doFilterInternal(RequestContextFilter.java:100)
	at org.springframework.web.filter.OncePerRequestFilter.doFilter(OncePerRequestFilter.java:116)
	at org.apache.catalina.core.ApplicationFilterChain.internalDoFilter(ApplicationFilterChain.java:174)
	at org.apache.catalina.core.ApplicationFilterChain.doFilter(ApplicationFilterChain.java:149)
	at org.springframework.web.filter.FormContentFilter.doFilterInternal(FormContentFilter.java:93)
	at org.springframework.web.filter.OncePerRequestFilter.doFilter(OncePerRequestFilter.java:116)
	at org.apache.catalina.core.ApplicationFilterChain.internalDoFilter(ApplicationFilterChain.java:174)
	at org.apache.catalina.core.ApplicationFilterChain.doFilter(ApplicationFilterChain.java:149)
	at org.springframework.web.filter.CharacterEncodingFilter.doFilterInternal(CharacterEncodingFilter.java:201)
	at org.springframework.web.filter.OncePerRequestFilter.doFilter(OncePerRequestFilter.java:116)
	at org.apache.catalina.core.ApplicationFilterChain.internalDoFilter(ApplicationFilterChain.java:174)
	at org.apache.catalina.core.ApplicationFilterChain.doFilter(ApplicationFilterChain.java:149)
	at org.apache.catalina.core.StandardWrapperValve.invoke(StandardWrapperValve.java:167)
	at org.apache.catalina.core.StandardContextValve.invoke(StandardContextValve.java:90)
	at org.apache.catalina.authenticator.AuthenticatorBase.invoke(AuthenticatorBase.java:482)
	at org.apache.catalina.core.StandardHostValve.invoke(StandardHostValve.java:115)
	at org.apache.catalina.valves.ErrorReportValve.invoke(ErrorReportValve.java:93)
	at org.apache.catalina.core.StandardEngineValve.invoke(StandardEngineValve.java:74)
	at org.apache.catalina.connector.CoyoteAdapter.service(CoyoteAdapter.java:340)
	at org.apache.coyote.http11.Http11Processor.service(Http11Processor.java:391)
	at org.apache.coyote.AbstractProcessorLight.process(AbstractProcessorLight.java:63)
	at org.apache.coyote.AbstractProtocol$ConnectionHandler.process(AbstractProtocol.java:896)
	at org.apache.tomcat.util.net.NioEndpoint$SocketProcessor.doRun(NioEndpoint.java:1744)
	at org.apache.tomcat.util.net.SocketProcessorBase.run(SocketProcessorBase.java:52)
	at java.base/java.lang.VirtualThread.run(VirtualThread.java:309)
2024-06-20 00:41:10 ERROR y.m.controller.CommonController - 文件下载失败: F:\CodeFile\mygoSchool\src\main\resources\static\shop\a9b62499-235b-4df7-b5fc-fbead7fcbb53.jpg (系统找不到指定的文件。)
2024-06-20 00:41:47 ERROR y.m.controller.CommonController - 文件下载失败: F:\CodeFile\mygoSchool\src\main\resources\static\shop\a9b62499-235b-4df7-b5fc-fbead7fcbb53.jpg (系统找不到指定的文件。)
2024-06-20 00:42:28 ERROR y.m.controller.CommonController - 文件下载失败: F:\CodeFile\mygoSchool\src\main\resources\static\QRcode (拒绝访问。)
2024-06-20 00:42:56 ERROR y.m.controller.CommonController - 文件下载失败: F:\CodeFile\mygoSchool\src\main\resources\static\shop\a9b62499-235b-4df7-b5fc-fbead7fcbb53.jpg (系统找不到指定的文件。)
2024-06-20 00:43:30 ERROR y.m.controller.CommonController - 文件下载失败: F:\CodeFile\mygoSchool\src\main\resources\static\shop\a9b62499-235b-4df7-b5fc-fbead7fcbb53.jpg (系统找不到指定的文件。)
2024-06-20 01:18:19 ERROR y.m.controller.CommonController - 文件下载失败: F:\CodeFile\mygoSchool\src\main\resources\static\shop\a9b62499-235b-4df7-b5fc-fbead7fcbb53.jpg (系统找不到指定的文件。)
2024-06-20 01:29:33 ERROR y.m.controller.CommonController - 文件下载失败: F:\CodeFile\mygoSchool\src\main\resources\static\shop\737cc093-c9cc-4664-86e9-d50fcf112e99.jpg (系统找不到指定的文件。)
2024-06-20 01:29:33 ERROR y.m.controller.CommonController - 文件下载失败: F:\CodeFile\mygoSchool\src\main\resources\static\shop\a9b62499-235b-4df7-b5fc-fbead7fcbb53.jpg (系统找不到指定的文件。)
2024-06-20 01:29:33 ERROR y.m.controller.CommonController - 文件下载失败: F:\CodeFile\mygoSchool\src\main\resources\static\shop\d217fc56-5018-4547-9391-1b5afe5524ef.jpg (系统找不到指定的文件。)
2024-06-20 01:29:34 ERROR y.m.controller.CommonController - 文件下载失败: F:\CodeFile\mygoSchool\src\main\resources\static\shop\838a9cc3-3a73-4869-9580-efd55ba06738.jpg (系统找不到指定的文件。)
2024-06-20 09:21:37 ERROR y.m.controller.CommonController - 文件下载失败: F:\CodeFile\mygoSchool\src\main\resources\static\shop\737cc093-c9cc-4664-86e9-d50fcf112e99.jpg (系统找不到指定的文件。)
2024-06-20 09:21:37 ERROR y.m.controller.CommonController - 文件下载失败: F:\CodeFile\mygoSchool\src\main\resources\static\shop\d217fc56-5018-4547-9391-1b5afe5524ef.jpg (系统找不到指定的文件。)
2024-06-20 09:21:37 ERROR y.m.controller.CommonController - 文件下载失败: F:\CodeFile\mygoSchool\src\main\resources\static\shop\838a9cc3-3a73-4869-9580-efd55ba06738.jpg (系统找不到指定的文件。)
2024-06-20 09:32:18 ERROR yirc.mygoschool.filter.LoginFilter - http://192.168.1.123:33088/sensitive/list 请求的token 令牌超时 请重新登录, token: eyJhbGciOiJIUzI1NiJ9.eyJvcGVuSWQiOiIyMDIyMDIwOTI2IiwiZXhwIjoxNzE4ODQ3MTAyfQ.N4IYExrw1-9MB4d098l5rutlNfJ5448L4CnEG5pYyKI
2024-06-20 10:03:27 ERROR yirc.mygoschool.filter.LoginFilter - http://192.168.1.123:33088/sensitive/list 请求的token 令牌超时 请重新登录, token: eyJhbGciOiJIUzI1NiJ9.eyJvcGVuSWQiOiIyMDIyMDIwOTI2IiwiZXhwIjoxNzE4ODQ4OTQwfQ.WeoSnkLSB0Q5NNnmyBB4FH8nImQwsS0LvDNAHkCbBUI
2024-06-20 11:03:34 ERROR y.m.controller.CommonController - 文件下载失败: F:\CodeFile\mygoSchool\src\main\resources\static\QRcode\b40ea070-03fd-477f-a415-b5b18cc1e1c7.jpg (系统找不到指定的文件。)
2024-06-20 11:03:36 ERROR y.m.controller.CommonController - 文件下载失败: F:\CodeFile\mygoSchool\src\main\resources\static\shop\737cc093-c9cc-4664-86e9-d50fcf112e99.jpg (系统找不到指定的文件。)
2024-06-20 11:03:36 ERROR y.m.controller.CommonController - 文件下载失败: F:\CodeFile\mygoSchool\src\main\resources\static\shop\a9b62499-235b-4df7-b5fc-fbead7fcbb53.jpg (系统找不到指定的文件。)
2024-06-20 11:03:54 ERROR y.m.controller.CommonController - 文件下载失败: F:\CodeFile\mygoSchool\src\main\resources\static\QRcode\b40ea070-03fd-477f-a415-b5b18cc1e1c7.jpg (系统找不到指定的文件。)
2024-06-20 11:04:00 ERROR y.m.controller.CommonController - 文件下载失败: F:\CodeFile\mygoSchool\src\main\resources\static\QRcode\b40ea070-03fd-477f-a415-b5b18cc1e1c7.jpg (系统找不到指定的文件。)
2024-06-20 11:04:18 ERROR y.m.controller.CommonController - 文件下载失败: F:\CodeFile\mygoSchool\src\main\resources\static\QRcode\b40ea070-03fd-477f-a415-b5b18cc1e1c7.jpg (系统找不到指定的文件。)
2024-06-20 11:04:28 ERROR y.m.controller.CommonController - 文件下载失败: F:\CodeFile\mygoSchool\src\main\resources\static\QRcode\b40ea070-03fd-477f-a415-b5b18cc1e1c7.jpg (系统找不到指定的文件。)
2024-06-20 11:04:35 ERROR y.m.controller.CommonController - 文件下载失败: F:\CodeFile\mygoSchool\src\main\resources\static\QRcode\b40ea070-03fd-477f-a415-b5b18cc1e1c7.jpg (系统找不到指定的文件。)
2024-06-20 11:44:00 ERROR y.m.controller.CommonController - 文件下载失败: F:\CodeFile\mygoSchool\src\main\resources\static\QRcode\b40ea070-03fd-477f-a415-b5b18cc1e1c7.jpg (系统找不到指定的文件。)
2024-06-20 11:56:21 ERROR yirc.mygoschool.filter.LoginFilter - http://192.168.1.123:33088/nsfw/page 请求的token 令牌超时 请重新登录, token: eyJhbGciOiJIUzI1NiJ9.eyJvcGVuSWQiOiIyMDIyMDIwOTI2IiwiZXhwIjoxNzE4ODU0NTAzfQ.JBuMoQ8GjMftRxPgfUUN-2EsuEL_zp3K30nle_RLwgE
2024-06-20 11:56:26 ERROR y.m.controller.CommonController - 文件下载失败: F:\CodeFile\mygoSchool\src\main\resources\static\avatar\$2a$10$YjaPeEJJdOCcTq\hlKdyOe2Qk6TI4gbgPP0fhbKRoJk6j9a6wDGH6 (系统找不到指定的路径。)
2024-06-20 11:56:30 ERROR y.m.controller.CommonController - 文件下载失败: F:\CodeFile\mygoSchool\src\main\resources\static\shop\737cc093-c9cc-4664-86e9-d50fcf112e99.jpg (系统找不到指定的文件。)
2024-06-20 11:56:30 ERROR y.m.controller.CommonController - 文件下载失败: F:\CodeFile\mygoSchool\src\main\resources\static\shop\838a9cc3-3a73-4869-9580-efd55ba06738.jpg (系统找不到指定的文件。)
2024-06-20 11:56:30 ERROR y.m.controller.CommonController - 文件下载失败: F:\CodeFile\mygoSchool\src\main\resources\static\shop\d217fc56-5018-4547-9391-1b5afe5524ef.jpg (系统找不到指定的文件。)
2024-06-20 11:56:32 ERROR y.m.controller.CommonController - 文件下载失败: F:\CodeFile\mygoSchool\src\main\resources\static\QRcode\b40ea070-03fd-477f-a415-b5b18cc1e1c7.jpg (系统找不到指定的文件。)
