2024-06-18 00:41:59 ERROR y.m.controller.CommonController - 文件下载失败: F:\CodeFile\mygoSchool\src\main\resources\static\QRcode\148123a2-7c2f-4cd5-bd28-0d7b5949b494.jpg (系统找不到指定的文件。)
2024-06-18 00:42:06 ERROR y.m.controller.CommonController - 文件下载失败: F:\CodeFile\mygoSchool\src\main\resources\static\QRcode\148123a2-7c2f-4cd5-bd28-0d7b5949b494.jpg (系统找不到指定的文件。)
2024-06-18 00:42:06 ERROR y.m.controller.CommonController - 文件下载失败: F:\CodeFile\mygoSchool\src\main\resources\static\shop\a9b62499-235b-4df7-b5fc-fbead7fcbb53.jpg (系统找不到指定的文件。)
2024-06-18 00:42:24 ERROR y.m.controller.CommonController - 文件下载失败: F:\CodeFile\mygoSchool\src\main\resources\static\avatar\42edb2c4-1913-4623-b2e2-ba03eb88496a.jpeg (系统找不到指定的文件。)
2024-06-18 00:42:25 ERROR y.m.controller.CommonController - 文件下载失败: F:\CodeFile\mygoSchool\src\main\resources\static\shop\ddd2264b-8923-4ff4-a3d2-f7c68c129b4b.jpg (系统找不到指定的文件。)
2024-06-18 00:42:25 ERROR y.m.controller.CommonController - 文件下载失败: F:\CodeFile\mygoSchool\src\main\resources\static\shop\82fcd6d2-847f-4c27-b7ef-c7506bd27059.jpg (系统找不到指定的文件。)
2024-06-18 00:42:25 ERROR y.m.controller.CommonController - 文件下载失败: F:\CodeFile\mygoSchool\src\main\resources\static\shop\d217fc56-5018-4547-9391-1b5afe5524ef.jpg (系统找不到指定的文件。)
2024-06-18 00:42:25 ERROR y.m.controller.CommonController - 文件下载失败: F:\CodeFile\mygoSchool\src\main\resources\static\shop\f839c649-2ef8-445a-9189-37e0ceb380e4.jpg (系统找不到指定的文件。)
2024-06-18 00:42:38 ERROR y.m.controller.CommonController - 文件下载失败: F:\CodeFile\mygoSchool\src\main\resources\static\QRcode\148123a2-7c2f-4cd5-bd28-0d7b5949b494.jpg (系统找不到指定的文件。)
2024-06-18 00:42:38 ERROR y.m.controller.CommonController - 文件下载失败: F:\CodeFile\mygoSchool\src\main\resources\static\shop\a9b62499-235b-4df7-b5fc-fbead7fcbb53.jpg (系统找不到指定的文件。)
2024-06-18 00:42:41 ERROR y.m.controller.CommonController - 文件下载失败: F:\CodeFile\mygoSchool\src\main\resources\static\shop\737cc093-c9cc-4664-86e9-d50fcf112e99.jpg (系统找不到指定的文件。)
2024-06-18 00:42:44 ERROR y.m.controller.CommonController - 文件下载失败: F:\CodeFile\mygoSchool\src\main\resources\static\QRcode\148123a2-7c2f-4cd5-bd28-0d7b5949b494.jpg (系统找不到指定的文件。)
2024-06-18 00:42:45 ERROR y.m.controller.CommonController - 文件下载失败: F:\CodeFile\mygoSchool\src\main\resources\static\shop\a9b62499-235b-4df7-b5fc-fbead7fcbb53.jpg (系统找不到指定的文件。)
2024-06-18 00:43:18 ERROR y.m.controller.CommonController - 文件下载失败: F:\CodeFile\mygoSchool\src\main\resources\static\shop\737cc093-c9cc-4664-86e9-d50fcf112e99.jpg (系统找不到指定的文件。)
2024-06-18 00:43:20 ERROR y.m.controller.CommonController - 文件下载失败: F:\CodeFile\mygoSchool\src\main\resources\static\shop\838a9cc3-3a73-4869-9580-efd55ba06738.jpg (系统找不到指定的文件。)
2024-06-18 00:43:20 ERROR y.m.controller.CommonController - 文件下载失败: F:\CodeFile\mygoSchool\src\main\resources\static\shop\d217fc56-5018-4547-9391-1b5afe5524ef.jpg (系统找不到指定的文件。)
2024-06-18 00:43:21 ERROR y.m.controller.CommonController - 文件下载失败: F:\CodeFile\mygoSchool\src\main\resources\static\shop\cb71f4e3-7c27-492a-9da0-034ffbeceb66.jpg (系统找不到指定的文件。)
2024-06-18 00:43:21 ERROR y.m.controller.CommonController - 文件下载失败: F:\CodeFile\mygoSchool\src\main\resources\static\shop\7863bb95-1bbe-4143-af0a-40b86057bdd5.jpg (系统找不到指定的文件。)
2024-06-18 00:43:21 ERROR y.m.controller.CommonController - 文件下载失败: F:\CodeFile\mygoSchool\src\main\resources\static\shop\d4551f34-93b7-4ff0-9927-0a0d0a5a70c2.jpg (系统找不到指定的文件。)
2024-06-18 00:44:09 ERROR y.m.controller.CommonController - 文件下载失败: F:\CodeFile\mygoSchool\src\main\resources\static\QRcode\148123a2-7c2f-4cd5-bd28-0d7b5949b494.jpg (系统找不到指定的文件。)
2024-06-18 00:44:21 ERROR y.m.controller.CommonController - 文件下载失败: F:\CodeFile\mygoSchool\src\main\resources\static\QRcode\148123a2-7c2f-4cd5-bd28-0d7b5949b494.jpg (系统找不到指定的文件。)
2024-06-18 00:44:22 ERROR y.m.controller.CommonController - 文件下载失败: F:\CodeFile\mygoSchool\src\main\resources\static\shop\a9b62499-235b-4df7-b5fc-fbead7fcbb53.jpg (系统找不到指定的文件。)
2024-06-18 00:45:22 ERROR y.m.controller.CommonController - 文件下载失败: F:\CodeFile\mygoSchool\src\main\resources\static\QRcode\148123a2-7c2f-4cd5-bd28-0d7b5949b494.jpg (系统找不到指定的文件。)
2024-06-18 00:45:44 ERROR y.m.controller.CommonController - 文件下载失败: F:\CodeFile\mygoSchool\src\main\resources\static\shop\737cc093-c9cc-4664-86e9-d50fcf112e99.jpg (系统找不到指定的文件。)
2024-06-18 00:45:51 ERROR y.m.controller.CommonController - 文件下载失败: F:\CodeFile\mygoSchool\src\main\resources\static\avatar\42edb2c4-1913-4623-b2e2-ba03eb88496a.jpeg (系统找不到指定的文件。)
2024-06-18 00:45:58 ERROR y.m.controller.CommonController - 文件下载失败: F:\CodeFile\mygoSchool\src\main\resources\static\shop\838a9cc3-3a73-4869-9580-efd55ba06738.jpg (系统找不到指定的文件。)
2024-06-18 00:46:55 ERROR y.m.controller.CommonController - 文件下载失败: F:\CodeFile\mygoSchool\src\main\resources\static\QRcode\148123a2-7c2f-4cd5-bd28-0d7b5949b494.jpg (系统找不到指定的文件。)
2024-06-18 00:46:55 ERROR y.m.controller.CommonController - 文件下载失败: F:\CodeFile\mygoSchool\src\main\resources\static\shop\a9b62499-235b-4df7-b5fc-fbead7fcbb53.jpg (系统找不到指定的文件。)
2024-06-18 00:46:59 ERROR y.m.controller.CommonController - 文件下载失败: F:\CodeFile\mygoSchool\src\main\resources\static\avatar\42edb2c4-1913-4623-b2e2-ba03eb88496a.jpeg (系统找不到指定的文件。)
2024-06-18 00:47:03 ERROR y.m.controller.CommonController - 文件下载失败: F:\CodeFile\mygoSchool\src\main\resources\static\shop\737cc093-c9cc-4664-86e9-d50fcf112e99.jpg (系统找不到指定的文件。)
2024-06-18 00:47:03 ERROR y.m.controller.CommonController - 文件下载失败: F:\CodeFile\mygoSchool\src\main\resources\static\shop\838a9cc3-3a73-4869-9580-efd55ba06738.jpg (系统找不到指定的文件。)
2024-06-18 00:47:39 ERROR y.m.controller.CommonController - 文件下载失败: F:\CodeFile\mygoSchool\src\main\resources\static\QRcode\148123a2-7c2f-4cd5-bd28-0d7b5949b494.jpg (系统找不到指定的文件。)
2024-06-18 00:47:40 ERROR y.m.controller.CommonController - 文件下载失败: F:\CodeFile\mygoSchool\src\main\resources\static\avatar\42edb2c4-1913-4623-b2e2-ba03eb88496a.jpeg (系统找不到指定的文件。)
2024-06-18 00:47:59 ERROR y.m.controller.CommonController - 文件下载失败: F:\CodeFile\mygoSchool\src\main\resources\static\QRcode\148123a2-7c2f-4cd5-bd28-0d7b5949b494.jpg (系统找不到指定的文件。)
2024-06-18 00:48:02 ERROR y.m.controller.CommonController - 文件下载失败: F:\CodeFile\mygoSchool\src\main\resources\static\avatar\42edb2c4-1913-4623-b2e2-ba03eb88496a.jpeg (系统找不到指定的文件。)
2024-06-18 00:48:38 ERROR y.m.controller.CommonController - 文件下载失败: F:\CodeFile\mygoSchool\src\main\resources\static\QRcode\148123a2-7c2f-4cd5-bd28-0d7b5949b494.jpg (系统找不到指定的文件。)
2024-06-18 00:49:02 ERROR y.m.controller.CommonController - 文件下载失败: F:\CodeFile\mygoSchool\src\main\resources\static\QRcode\148123a2-7c2f-4cd5-bd28-0d7b5949b494.jpg (系统找不到指定的文件。)
2024-06-18 00:49:16 ERROR y.m.controller.CommonController - 文件下载失败: F:\CodeFile\mygoSchool\src\main\resources\static\avatar\42edb2c4-1913-4623-b2e2-ba03eb88496a.jpeg (系统找不到指定的文件。)
2024-06-18 00:49:19 ERROR y.m.controller.CommonController - 文件下载失败: F:\CodeFile\mygoSchool\src\main\resources\static\avatar\42edb2c4-1913-4623-b2e2-ba03eb88496a.jpeg (系统找不到指定的文件。)
2024-06-18 00:49:53 ERROR y.m.controller.CommonController - 文件下载失败: F:\CodeFile\mygoSchool\src\main\resources\static\QRcode\148123a2-7c2f-4cd5-bd28-0d7b5949b494.jpg (系统找不到指定的文件。)
2024-06-18 00:49:54 ERROR y.m.controller.CommonController - 文件下载失败: F:\CodeFile\mygoSchool\src\main\resources\static\avatar\42edb2c4-1913-4623-b2e2-ba03eb88496a.jpeg (系统找不到指定的文件。)
2024-06-18 10:51:32 ERROR yirc.mygoschool.Utils.MyNSFW - 启动python时出现错误: Cannot run program "/usr/bin/python310": CreateProcess error=2, 系统找不到指定的文件。
2024-06-18 10:51:32 ERROR o.s.boot.SpringApplication - Application run failed
java.lang.IllegalStateException: Failed to execute CommandLineRunner
	at org.springframework.boot.SpringApplication.callRunner(SpringApplication.java:789)
	at org.springframework.boot.SpringApplication.lambda$callRunners$3(SpringApplication.java:770)
	at java.base/java.util.stream.ForEachOps$ForEachOp$OfRef.accept(ForEachOps.java:184)
	at java.base/java.util.stream.SortedOps$SizedRefSortingSink.end(SortedOps.java:357)
	at java.base/java.util.stream.AbstractPipeline.copyInto(AbstractPipeline.java:510)
	at java.base/java.util.stream.AbstractPipeline.wrapAndCopyInto(AbstractPipeline.java:499)
	at java.base/java.util.stream.ForEachOps$ForEachOp.evaluateSequential(ForEachOps.java:151)
	at java.base/java.util.stream.ForEachOps$ForEachOp$OfRef.evaluateSequential(ForEachOps.java:174)
	at java.base/java.util.stream.AbstractPipeline.evaluate(AbstractPipeline.java:234)
	at java.base/java.util.stream.ReferencePipeline.forEach(ReferencePipeline.java:596)
	at org.springframework.boot.SpringApplication.callRunners(SpringApplication.java:765)
	at org.springframework.boot.SpringApplication.run(SpringApplication.java:330)
	at org.springframework.boot.SpringApplication.run(SpringApplication.java:1342)
	at org.springframework.boot.SpringApplication.run(SpringApplication.java:1331)
	at yirc.mygoschool.MygoSchoolApplication.main(MygoSchoolApplication.java:23)
Caused by: yirc.mygoschool.exception.CustomException: python 启动失败 Cannot run program "/usr/bin/python310": CreateProcess error=2, 系统找不到指定的文件。
	at yirc.mygoschool.Utils.MyNSFW.run(MyNSFW.java:71)
	at org.springframework.boot.SpringApplication.callRunner(SpringApplication.java:786)
	... 14 common frames omitted
2024-06-18 19:43:23 ERROR y.m.controller.CommonController - 文件下载失败: F:\CodeFile\mygoSchool\src\main\resources\static\shop\a9b62499-235b-4df7-b5fc-fbead7fcbb53.jpg (系统找不到指定的文件。)
2024-06-18 19:43:24 ERROR y.m.controller.CommonController - 文件下载失败: F:\CodeFile\mygoSchool\src\main\resources\static\shop\737cc093-c9cc-4664-86e9-d50fcf112e99.jpg (系统找不到指定的文件。)
2024-06-18 19:43:24 ERROR y.m.controller.CommonController - 文件下载失败: F:\CodeFile\mygoSchool\src\main\resources\static\shop\d217fc56-5018-4547-9391-1b5afe5524ef.jpg (系统找不到指定的文件。)
2024-06-18 19:43:24 ERROR y.m.controller.CommonController - 文件下载失败: F:\CodeFile\mygoSchool\src\main\resources\static\shop\838a9cc3-3a73-4869-9580-efd55ba06738.jpg (系统找不到指定的文件。)
2024-06-18 19:45:33 ERROR y.m.controller.CommonController - 文件下载失败: F:\CodeFile\mygoSchool\src\main\resources\static\shop\a9b62499-235b-4df7-b5fc-fbead7fcbb53.jpg (系统找不到指定的文件。)
2024-06-18 19:45:34 ERROR y.m.controller.CommonController - 文件下载失败: F:\CodeFile\mygoSchool\src\main\resources\static\shop\d217fc56-5018-4547-9391-1b5afe5524ef.jpg (系统找不到指定的文件。)
2024-06-18 19:45:35 ERROR y.m.controller.CommonController - 文件下载失败: F:\CodeFile\mygoSchool\src\main\resources\static\shop\838a9cc3-3a73-4869-9580-efd55ba06738.jpg (系统找不到指定的文件。)
2024-06-18 19:47:31 ERROR y.m.controller.CommonController - 文件下载失败: F:\CodeFile\mygoSchool\src\main\resources\static\shop\a9b62499-235b-4df7-b5fc-fbead7fcbb53.jpg (系统找不到指定的文件。)
2024-06-18 19:47:32 ERROR y.m.controller.CommonController - 文件下载失败: F:\CodeFile\mygoSchool\src\main\resources\static\shop\737cc093-c9cc-4664-86e9-d50fcf112e99.jpg (系统找不到指定的文件。)
2024-06-18 19:47:32 ERROR y.m.controller.CommonController - 文件下载失败: F:\CodeFile\mygoSchool\src\main\resources\static\shop\838a9cc3-3a73-4869-9580-efd55ba06738.jpg (系统找不到指定的文件。)
2024-06-18 19:47:32 ERROR y.m.controller.CommonController - 文件下载失败: F:\CodeFile\mygoSchool\src\main\resources\static\shop\d217fc56-5018-4547-9391-1b5afe5524ef.jpg (系统找不到指定的文件。)
2024-06-18 19:47:33 ERROR y.m.controller.CommonController - 文件下载失败: F:\CodeFile\mygoSchool\src\main\resources\static\shop\cb71f4e3-7c27-492a-9da0-034ffbeceb66.jpg (系统找不到指定的文件。)
2024-06-18 19:47:40 ERROR y.m.controller.CommonController - 文件下载失败: F:\CodeFile\mygoSchool\src\main\resources\static\shop\d4551f34-93b7-4ff0-9927-0a0d0a5a70c2.jpg (系统找不到指定的文件。)
2024-06-18 19:47:40 ERROR y.m.controller.CommonController - 文件下载失败: F:\CodeFile\mygoSchool\src\main\resources\static\shop\7863bb95-1bbe-4143-af0a-40b86057bdd5.jpg (系统找不到指定的文件。)
2024-06-18 19:50:17 ERROR y.m.controller.CommonController - 文件下载失败: F:\CodeFile\mygoSchool\src\main\resources\static\shop\a9b62499-235b-4df7-b5fc-fbead7fcbb53.jpg (系统找不到指定的文件。)
2024-06-18 19:50:38 ERROR y.m.controller.CommonController - 文件下载失败: F:\CodeFile\mygoSchool\src\main\resources\static\shop\a9b62499-235b-4df7-b5fc-fbead7fcbb53.jpg (系统找不到指定的文件。)
2024-06-18 19:50:41 ERROR y.m.controller.CommonController - 文件下载失败: F:\CodeFile\mygoSchool\src\main\resources\static\shop\737cc093-c9cc-4664-86e9-d50fcf112e99.jpg (系统找不到指定的文件。)
2024-06-18 19:50:41 ERROR y.m.controller.CommonController - 文件下载失败: F:\CodeFile\mygoSchool\src\main\resources\static\shop\d217fc56-5018-4547-9391-1b5afe5524ef.jpg (系统找不到指定的文件。)
2024-06-18 19:50:46 ERROR y.m.controller.CommonController - 文件下载失败: F:\CodeFile\mygoSchool\src\main\resources\static\shop\838a9cc3-3a73-4869-9580-efd55ba06738.jpg (系统找不到指定的文件。)
2024-06-18 19:53:59 ERROR y.m.controller.CommonController - 文件下载失败: F:\CodeFile\mygoSchool\src\main\resources\static\shop\a9b62499-235b-4df7-b5fc-fbead7fcbb53.jpg (系统找不到指定的文件。)
2024-06-18 19:56:49 ERROR y.m.controller.CommonController - 文件下载失败: F:\CodeFile\mygoSchool\src\main\resources\static\shop\a9b62499-235b-4df7-b5fc-fbead7fcbb53.jpg (系统找不到指定的文件。)
2024-06-18 19:59:25 ERROR y.m.controller.CommonController - 文件下载失败: F:\CodeFile\mygoSchool\src\main\resources\static\shop\a9b62499-235b-4df7-b5fc-fbead7fcbb53.jpg (系统找不到指定的文件。)
2024-06-18 19:59:29 ERROR y.m.controller.CommonController - 文件下载失败: F:\CodeFile\mygoSchool\src\main\resources\static\shop\737cc093-c9cc-4664-86e9-d50fcf112e99.jpg (系统找不到指定的文件。)
2024-06-18 19:59:29 ERROR y.m.controller.CommonController - 文件下载失败: F:\CodeFile\mygoSchool\src\main\resources\static\shop\838a9cc3-3a73-4869-9580-efd55ba06738.jpg (系统找不到指定的文件。)
2024-06-18 19:59:29 ERROR y.m.controller.CommonController - 文件下载失败: F:\CodeFile\mygoSchool\src\main\resources\static\shop\d217fc56-5018-4547-9391-1b5afe5524ef.jpg (系统找不到指定的文件。)
2024-06-18 19:59:30 ERROR y.m.controller.CommonController - 文件下载失败: F:\CodeFile\mygoSchool\src\main\resources\static\shop\cb71f4e3-7c27-492a-9da0-034ffbeceb66.jpg (系统找不到指定的文件。)
2024-06-18 20:03:30 ERROR y.m.controller.CommonController - 文件下载失败: F:\CodeFile\mygoSchool\src\main\resources\static\shop\7863bb95-1bbe-4143-af0a-40b86057bdd5.jpg (系统找不到指定的文件。)
2024-06-18 20:04:58 ERROR y.m.controller.CommonController - 文件下载失败: F:\CodeFile\mygoSchool\src\main\resources\static\shop\a9b62499-235b-4df7-b5fc-fbead7fcbb53.jpg (系统找不到指定的文件。)
2024-06-18 20:05:17 ERROR y.m.controller.CommonController - 文件下载失败: F:\CodeFile\mygoSchool\src\main\resources\static\shop\a9b62499-235b-4df7-b5fc-fbead7fcbb53.jpg (系统找不到指定的文件。)
2024-06-18 20:05:19 ERROR y.m.controller.CommonController - 文件下载失败: F:\CodeFile\mygoSchool\src\main\resources\static\shop\737cc093-c9cc-4664-86e9-d50fcf112e99.jpg (系统找不到指定的文件。)
2024-06-18 20:05:19 ERROR y.m.controller.CommonController - 文件下载失败: F:\CodeFile\mygoSchool\src\main\resources\static\shop\838a9cc3-3a73-4869-9580-efd55ba06738.jpg (系统找不到指定的文件。)
2024-06-18 20:05:22 ERROR y.m.controller.CommonController - 文件下载失败: F:\CodeFile\mygoSchool\src\main\resources\static\shop\d217fc56-5018-4547-9391-1b5afe5524ef.jpg (系统找不到指定的文件。)
2024-06-18 20:05:22 ERROR y.m.controller.CommonController - 文件下载失败: F:\CodeFile\mygoSchool\src\main\resources\static\shop\cb71f4e3-7c27-492a-9da0-034ffbeceb66.jpg (系统找不到指定的文件。)
2024-06-18 20:05:22 ERROR y.m.controller.CommonController - 文件下载失败: F:\CodeFile\mygoSchool\src\main\resources\static\shop\7863bb95-1bbe-4143-af0a-40b86057bdd5.jpg (系统找不到指定的文件。)
2024-06-18 20:05:22 ERROR y.m.controller.CommonController - 文件下载失败: F:\CodeFile\mygoSchool\src\main\resources\static\shop\d4551f34-93b7-4ff0-9927-0a0d0a5a70c2.jpg (系统找不到指定的文件。)
2024-06-18 20:42:39 ERROR y.m.controller.CommonController - 文件下载失败: F:\CodeFile\mygoSchool\src\main\resources\static\shop\a9b62499-235b-4df7-b5fc-fbead7fcbb53.jpg (系统找不到指定的文件。)
2024-06-18 20:42:39 ERROR y.m.controller.CommonController - 文件下载失败: F:\CodeFile\mygoSchool\src\main\resources\static\shop\737cc093-c9cc-4664-86e9-d50fcf112e99.jpg (系统找不到指定的文件。)
2024-06-18 20:42:39 ERROR y.m.controller.CommonController - 文件下载失败: F:\CodeFile\mygoSchool\src\main\resources\static\shop\d217fc56-5018-4547-9391-1b5afe5524ef.jpg (系统找不到指定的文件。)
2024-06-18 20:42:39 ERROR y.m.controller.CommonController - 文件下载失败: F:\CodeFile\mygoSchool\src\main\resources\static\shop\838a9cc3-3a73-4869-9580-efd55ba06738.jpg (系统找不到指定的文件。)
2024-06-18 20:42:40 ERROR y.m.controller.CommonController - 文件下载失败: F:\CodeFile\mygoSchool\src\main\resources\static\shop\cb71f4e3-7c27-492a-9da0-034ffbeceb66.jpg (系统找不到指定的文件。)
2024-06-18 20:42:40 ERROR y.m.controller.CommonController - 文件下载失败: F:\CodeFile\mygoSchool\src\main\resources\static\shop\7863bb95-1bbe-4143-af0a-40b86057bdd5.jpg (系统找不到指定的文件。)
2024-06-18 20:42:40 ERROR y.m.controller.CommonController - 文件下载失败: F:\CodeFile\mygoSchool\src\main\resources\static\shop\d4551f34-93b7-4ff0-9927-0a0d0a5a70c2.jpg (系统找不到指定的文件。)
2024-06-18 20:42:50 ERROR y.m.controller.CommonController - 文件下载失败: F:\CodeFile\mygoSchool\src\main\resources\static\shop\82fcd6d2-847f-4c27-b7ef-c7506bd27059.jpg (系统找不到指定的文件。)
2024-06-18 20:42:50 ERROR y.m.controller.CommonController - 文件下载失败: F:\CodeFile\mygoSchool\src\main\resources\static\shop\d217fc56-5018-4547-9391-1b5afe5524ef.jpg (系统找不到指定的文件。)
2024-06-18 20:42:50 ERROR y.m.controller.CommonController - 文件下载失败: F:\CodeFile\mygoSchool\src\main\resources\static\shop\f839c649-2ef8-445a-9189-37e0ceb380e4.jpg (系统找不到指定的文件。)
2024-06-18 20:42:50 ERROR y.m.controller.CommonController - 文件下载失败: F:\CodeFile\mygoSchool\src\main\resources\static\shop\ddd2264b-8923-4ff4-a3d2-f7c68c129b4b.jpg (系统找不到指定的文件。)
2024-06-18 20:43:09 ERROR y.m.controller.CommonController - 文件下载失败: F:\CodeFile\mygoSchool\src\main\resources\static\shop\a9b62499-235b-4df7-b5fc-fbead7fcbb53.jpg (系统找不到指定的文件。)
2024-06-18 20:44:13 ERROR y.m.controller.CommonController - 文件下载失败: F:\CodeFile\mygoSchool\src\main\resources\static\shop\a9b62499-235b-4df7-b5fc-fbead7fcbb53.jpg (系统找不到指定的文件。)
2024-06-18 20:44:13 ERROR y.m.controller.CommonController - 文件下载失败: F:\CodeFile\mygoSchool\src\main\resources\static\shop\737cc093-c9cc-4664-86e9-d50fcf112e99.jpg (系统找不到指定的文件。)
2024-06-18 20:44:13 ERROR y.m.controller.CommonController - 文件下载失败: F:\CodeFile\mygoSchool\src\main\resources\static\shop\d217fc56-5018-4547-9391-1b5afe5524ef.jpg (系统找不到指定的文件。)
2024-06-18 20:44:27 ERROR y.m.controller.CommonController - 文件下载失败: F:\CodeFile\mygoSchool\src\main\resources\static\shop\d217fc56-5018-4547-9391-1b5afe5524ef.jpg (系统找不到指定的文件。)
2024-06-18 20:44:27 ERROR y.m.controller.CommonController - 文件下载失败: F:\CodeFile\mygoSchool\src\main\resources\static\shop\ddd2264b-8923-4ff4-a3d2-f7c68c129b4b.jpg (系统找不到指定的文件。)
2024-06-18 20:44:27 ERROR y.m.controller.CommonController - 文件下载失败: F:\CodeFile\mygoSchool\src\main\resources\static\shop\82fcd6d2-847f-4c27-b7ef-c7506bd27059.jpg (系统找不到指定的文件。)
2024-06-18 20:44:27 ERROR y.m.controller.CommonController - 文件下载失败: F:\CodeFile\mygoSchool\src\main\resources\static\shop\f839c649-2ef8-445a-9189-37e0ceb380e4.jpg (系统找不到指定的文件。)
2024-06-18 20:44:28 ERROR y.m.controller.CommonController - 文件下载失败: F:\CodeFile\mygoSchool\src\main\resources\static\shop\d217fc56-5018-4547-9391-1b5afe5524ef.jpg (系统找不到指定的文件。)
2024-06-18 20:46:00 ERROR y.m.controller.CommonController - 文件下载失败: F:\CodeFile\mygoSchool\src\main\resources\static\shop\a9b62499-235b-4df7-b5fc-fbead7fcbb53.jpg (系统找不到指定的文件。)
2024-06-18 20:46:00 ERROR y.m.controller.CommonController - 文件下载失败: F:\CodeFile\mygoSchool\src\main\resources\static\shop\737cc093-c9cc-4664-86e9-d50fcf112e99.jpg (系统找不到指定的文件。)
2024-06-18 20:48:59 ERROR y.m.controller.CommonController - 文件下载失败: F:\CodeFile\mygoSchool\src\main\resources\static\shop\a9b62499-235b-4df7-b5fc-fbead7fcbb53.jpg (系统找不到指定的文件。)
2024-06-18 20:49:53 ERROR y.m.controller.CommonController - 文件下载失败: F:\CodeFile\mygoSchool\src\main\resources\static\shop\a9b62499-235b-4df7-b5fc-fbead7fcbb53.jpg (系统找不到指定的文件。)
2024-06-18 20:52:20 ERROR y.m.controller.CommonController - 文件下载失败: F:\CodeFile\mygoSchool\src\main\resources\static\shop\a9b62499-235b-4df7-b5fc-fbead7fcbb53.jpg (系统找不到指定的文件。)
2024-06-18 20:58:01 ERROR y.m.controller.CommonController - 文件下载失败: F:\CodeFile\mygoSchool\src\main\resources\static\shop\737cc093-c9cc-4664-86e9-d50fcf112e99.jpg (系统找不到指定的文件。)
2024-06-18 20:58:01 ERROR y.m.controller.CommonController - 文件下载失败: F:\CodeFile\mygoSchool\src\main\resources\static\shop\a9b62499-235b-4df7-b5fc-fbead7fcbb53.jpg (系统找不到指定的文件。)
2024-06-18 20:58:01 ERROR y.m.controller.CommonController - 文件下载失败: F:\CodeFile\mygoSchool\src\main\resources\static\shop\d217fc56-5018-4547-9391-1b5afe5524ef.jpg (系统找不到指定的文件。)
2024-06-18 20:58:05 ERROR y.m.controller.CommonController - 文件下载失败: F:\CodeFile\mygoSchool\src\main\resources\static\shop\838a9cc3-3a73-4869-9580-efd55ba06738.jpg (系统找不到指定的文件。)
2024-06-18 20:58:06 ERROR y.m.controller.CommonController - 文件下载失败: F:\CodeFile\mygoSchool\src\main\resources\static\shop\cb71f4e3-7c27-492a-9da0-034ffbeceb66.jpg (系统找不到指定的文件。)
2024-06-18 20:58:09 ERROR y.m.controller.CommonController - 文件下载失败: F:\CodeFile\mygoSchool\src\main\resources\static\shop\d217fc56-5018-4547-9391-1b5afe5524ef.jpg (系统找不到指定的文件。)
2024-06-18 20:58:09 ERROR y.m.controller.CommonController - 文件下载失败: F:\CodeFile\mygoSchool\src\main\resources\static\shop\f839c649-2ef8-445a-9189-37e0ceb380e4.jpg (系统找不到指定的文件。)
2024-06-18 20:58:09 ERROR y.m.controller.CommonController - 文件下载失败: F:\CodeFile\mygoSchool\src\main\resources\static\shop\82fcd6d2-847f-4c27-b7ef-c7506bd27059.jpg (系统找不到指定的文件。)
2024-06-18 20:58:09 ERROR y.m.controller.CommonController - 文件下载失败: F:\CodeFile\mygoSchool\src\main\resources\static\shop\ddd2264b-8923-4ff4-a3d2-f7c68c129b4b.jpg (系统找不到指定的文件。)
2024-06-18 20:58:20 ERROR y.m.controller.CommonController - 文件下载失败: F:\CodeFile\mygoSchool\src\main\resources\static\shop\ddd2264b-8923-4ff4-a3d2-f7c68c129b4b.jpg (系统找不到指定的文件。)
2024-06-18 20:58:20 ERROR y.m.controller.CommonController - 文件下载失败: F:\CodeFile\mygoSchool\src\main\resources\static\shop\82fcd6d2-847f-4c27-b7ef-c7506bd27059.jpg (系统找不到指定的文件。)
2024-06-18 20:58:20 ERROR y.m.controller.CommonController - 文件下载失败: F:\CodeFile\mygoSchool\src\main\resources\static\shop\f839c649-2ef8-445a-9189-37e0ceb380e4.jpg (系统找不到指定的文件。)
2024-06-18 20:58:20 ERROR y.m.controller.CommonController - 文件下载失败: F:\CodeFile\mygoSchool\src\main\resources\static\shop\d217fc56-5018-4547-9391-1b5afe5524ef.jpg (系统找不到指定的文件。)
2024-06-18 20:59:40 ERROR y.m.controller.CommonController - 文件下载失败: F:\CodeFile\mygoSchool\src\main\resources\static\shop\d4551f34-93b7-4ff0-9927-0a0d0a5a70c2.jpg (系统找不到指定的文件。)
2024-06-18 20:59:40 ERROR y.m.controller.CommonController - 文件下载失败: F:\CodeFile\mygoSchool\src\main\resources\static\shop\7863bb95-1bbe-4143-af0a-40b86057bdd5.jpg (系统找不到指定的文件。)
2024-06-18 20:59:43 ERROR y.m.controller.CommonController - 文件下载失败: F:\CodeFile\mygoSchool\src\main\resources\static\shop\d217fc56-5018-4547-9391-1b5afe5524ef.jpg (系统找不到指定的文件。)
2024-06-18 20:59:43 ERROR y.m.controller.CommonController - 文件下载失败: F:\CodeFile\mygoSchool\src\main\resources\static\shop\838a9cc3-3a73-4869-9580-efd55ba06738.jpg (系统找不到指定的文件。)
2024-06-18 21:00:36 ERROR yirc.mygoschool.filter.LoginFilter - http://127.0.0.1:33088/api/nsfw/page 请求的token 令牌超时 请重新登录, token: eyJhbGciOiJIUzI1NiJ9.eyJvcGVuSWQiOiIyMDIyMDIwOTI2IiwiZXhwIjoxNzE4NjQ1NDA0fQ.lZmjOWQXWrOXgaaVXk8c1Ep7enUXdzLijjh_BxL3Lf4
2024-06-18 21:01:36 ERROR y.m.controller.CommonController - 文件下载失败: F:\CodeFile\mygoSchool\src\main\resources\static\shop\838a9cc3-3a73-4869-9580-efd55ba06738.jpg (系统找不到指定的文件。)
2024-06-18 21:01:36 ERROR y.m.controller.CommonController - 文件下载失败: F:\CodeFile\mygoSchool\src\main\resources\static\shop\d217fc56-5018-4547-9391-1b5afe5524ef.jpg (系统找不到指定的文件。)
2024-06-18 21:01:38 ERROR yirc.mygoschool.filter.BlackFilter - 黑名单用户 拦截访问openId为: oB5Zy63yEWI1Y5yMdYTjEbNoMUJE
2024-06-18 21:01:38 ERROR yirc.mygoschool.filter.BlackFilter - 黑名单用户 拦截访问openId为: oB5Zy63yEWI1Y5yMdYTjEbNoMUJE
2024-06-18 21:01:38 ERROR y.m.controller.CommonController - 文件下载失败: F:\CodeFile\mygoSchool\src\main\resources\static\QRcode (拒绝访问。)
2024-06-18 21:01:39 ERROR yirc.mygoschool.filter.BlackFilter - 黑名单用户 拦截访问openId为: oB5Zy63yEWI1Y5yMdYTjEbNoMUJE
2024-06-18 21:01:40 ERROR yirc.mygoschool.filter.BlackFilter - 黑名单用户 拦截访问openId为: oB5Zy63yEWI1Y5yMdYTjEbNoMUJE
2024-06-18 21:01:40 ERROR yirc.mygoschool.filter.BlackFilter - 黑名单用户 拦截访问openId为: oB5Zy63yEWI1Y5yMdYTjEbNoMUJE
2024-06-18 21:01:40 ERROR y.m.controller.CommonController - 文件下载失败: F:\CodeFile\mygoSchool\src\main\resources\static\QRcode (拒绝访问。)
2024-06-18 21:01:42 ERROR yirc.mygoschool.filter.BlackFilter - 黑名单用户 拦截访问openId为: oB5Zy63yEWI1Y5yMdYTjEbNoMUJE
2024-06-18 21:01:44 ERROR yirc.mygoschool.filter.BlackFilter - 黑名单用户 拦截访问openId为: oB5Zy63yEWI1Y5yMdYTjEbNoMUJE
2024-06-18 21:01:44 ERROR yirc.mygoschool.filter.BlackFilter - 黑名单用户 拦截访问openId为: oB5Zy63yEWI1Y5yMdYTjEbNoMUJE
2024-06-18 21:01:44 ERROR y.m.controller.CommonController - 文件下载失败: F:\CodeFile\mygoSchool\src\main\resources\static\QRcode (拒绝访问。)
2024-06-18 21:01:48 ERROR yirc.mygoschool.filter.BlackFilter - 黑名单用户 拦截访问openId为: oB5Zy63yEWI1Y5yMdYTjEbNoMUJE
2024-06-18 21:01:48 ERROR yirc.mygoschool.filter.BlackFilter - 黑名单用户 拦截访问openId为: oB5Zy63yEWI1Y5yMdYTjEbNoMUJE
2024-06-18 21:01:48 ERROR y.m.controller.CommonController - 文件下载失败: F:\CodeFile\mygoSchool\src\main\resources\static\QRcode (拒绝访问。)
2024-06-18 21:01:54 ERROR y.m.controller.CommonController - 文件下载失败: F:\CodeFile\mygoSchool\src\main\resources\static\shop\737cc093-c9cc-4664-86e9-d50fcf112e99.jpg (系统找不到指定的文件。)
2024-06-18 21:01:54 ERROR y.m.controller.CommonController - 文件下载失败: F:\CodeFile\mygoSchool\src\main\resources\static\shop\a9b62499-235b-4df7-b5fc-fbead7fcbb53.jpg (系统找不到指定的文件。)
2024-06-18 21:01:54 ERROR y.m.controller.CommonController - 文件下载失败: F:\CodeFile\mygoSchool\src\main\resources\static\shop\d217fc56-5018-4547-9391-1b5afe5524ef.jpg (系统找不到指定的文件。)
2024-06-18 21:01:54 ERROR yirc.mygoschool.filter.BlackFilter - 黑名单用户 拦截访问openId为: oB5Zy63yEWI1Y5yMdYTjEbNoMUJE
2024-06-18 21:01:54 ERROR yirc.mygoschool.filter.BlackFilter - 黑名单用户 拦截访问openId为: oB5Zy63yEWI1Y5yMdYTjEbNoMUJE
2024-06-18 21:01:54 ERROR y.m.controller.CommonController - 文件下载失败: F:\CodeFile\mygoSchool\src\main\resources\static\QRcode (拒绝访问。)
2024-06-18 21:01:57 ERROR yirc.mygoschool.filter.BlackFilter - 黑名单用户 拦截访问openId为: oB5Zy63yEWI1Y5yMdYTjEbNoMUJE
2024-06-18 21:01:57 ERROR yirc.mygoschool.filter.BlackFilter - 黑名单用户 拦截访问openId为: oB5Zy63yEWI1Y5yMdYTjEbNoMUJE
2024-06-18 21:01:57 ERROR y.m.controller.CommonController - 文件下载失败: F:\CodeFile\mygoSchool\src\main\resources\static\QRcode (拒绝访问。)
2024-06-18 21:02:02 ERROR yirc.mygoschool.filter.BlackFilter - 黑名单用户 拦截访问openId为: oB5Zy63yEWI1Y5yMdYTjEbNoMUJE
2024-06-18 21:02:02 ERROR yirc.mygoschool.filter.BlackFilter - 黑名单用户 拦截访问openId为: oB5Zy63yEWI1Y5yMdYTjEbNoMUJE
2024-06-18 21:02:02 ERROR y.m.controller.CommonController - 文件下载失败: F:\CodeFile\mygoSchool\src\main\resources\static\QRcode (拒绝访问。)
2024-06-18 21:02:07 ERROR yirc.mygoschool.filter.BlackFilter - 黑名单用户 拦截访问openId为: oB5Zy63yEWI1Y5yMdYTjEbNoMUJE
2024-06-18 21:02:07 ERROR yirc.mygoschool.filter.BlackFilter - 黑名单用户 拦截访问openId为: oB5Zy63yEWI1Y5yMdYTjEbNoMUJE
2024-06-18 21:02:07 ERROR y.m.controller.CommonController - 文件下载失败: F:\CodeFile\mygoSchool\src\main\resources\static\QRcode (拒绝访问。)
2024-06-18 21:02:16 ERROR yirc.mygoschool.filter.BlackFilter - 黑名单用户 拦截访问openId为: oB5Zy63yEWI1Y5yMdYTjEbNoMUJE
2024-06-18 21:02:16 ERROR yirc.mygoschool.filter.BlackFilter - 黑名单用户 拦截访问openId为: oB5Zy63yEWI1Y5yMdYTjEbNoMUJE
2024-06-18 21:02:16 ERROR y.m.controller.CommonController - 文件下载失败: F:\CodeFile\mygoSchool\src\main\resources\static\QRcode (拒绝访问。)
2024-06-18 21:02:51 ERROR yirc.mygoschool.filter.BlackFilter - 黑名单用户 拦截访问openId为: oB5Zy63yEWI1Y5yMdYTjEbNoMUJE
2024-06-18 21:02:51 ERROR yirc.mygoschool.filter.BlackFilter - 黑名单用户 拦截访问openId为: oB5Zy63yEWI1Y5yMdYTjEbNoMUJE
2024-06-18 21:02:51 ERROR y.m.controller.CommonController - 文件下载失败: F:\CodeFile\mygoSchool\src\main\resources\static\QRcode (拒绝访问。)
2024-06-18 21:02:57 ERROR yirc.mygoschool.filter.BlackFilter - 黑名单用户 拦截访问openId为: oB5Zy63yEWI1Y5yMdYTjEbNoMUJE
2024-06-18 21:02:57 ERROR yirc.mygoschool.filter.BlackFilter - 黑名单用户 拦截访问openId为: oB5Zy63yEWI1Y5yMdYTjEbNoMUJE
2024-06-18 21:02:58 ERROR y.m.controller.CommonController - 文件下载失败: F:\CodeFile\mygoSchool\src\main\resources\static\QRcode (拒绝访问。)
2024-06-18 21:03:39 ERROR yirc.mygoschool.filter.BlackFilter - 黑名单用户 拦截访问openId为: oB5Zy63yEWI1Y5yMdYTjEbNoMUJE
2024-06-18 21:03:39 ERROR yirc.mygoschool.filter.BlackFilter - 黑名单用户 拦截访问openId为: oB5Zy63yEWI1Y5yMdYTjEbNoMUJE
2024-06-18 21:03:39 ERROR y.m.controller.CommonController - 文件下载失败: F:\CodeFile\mygoSchool\src\main\resources\static\QRcode (拒绝访问。)
2024-06-18 21:03:44 ERROR yirc.mygoschool.filter.BlackFilter - 黑名单用户 拦截访问openId为: oB5Zy63yEWI1Y5yMdYTjEbNoMUJE
2024-06-18 21:03:44 ERROR yirc.mygoschool.filter.BlackFilter - 黑名单用户 拦截访问openId为: oB5Zy63yEWI1Y5yMdYTjEbNoMUJE
2024-06-18 21:03:44 ERROR y.m.controller.CommonController - 文件下载失败: F:\CodeFile\mygoSchool\src\main\resources\static\QRcode (拒绝访问。)
2024-06-18 21:03:59 ERROR yirc.mygoschool.filter.BlackFilter - 黑名单用户 拦截访问openId为: oB5Zy63yEWI1Y5yMdYTjEbNoMUJE
2024-06-18 21:03:59 ERROR yirc.mygoschool.filter.BlackFilter - 黑名单用户 拦截访问openId为: oB5Zy63yEWI1Y5yMdYTjEbNoMUJE
2024-06-18 21:03:59 ERROR y.m.controller.CommonController - 文件下载失败: F:\CodeFile\mygoSchool\src\main\resources\static\QRcode (拒绝访问。)
2024-06-18 21:04:41 ERROR yirc.mygoschool.filter.BlackFilter - 黑名单用户 拦截访问openId为: oB5Zy63yEWI1Y5yMdYTjEbNoMUJE
2024-06-18 21:04:41 ERROR yirc.mygoschool.filter.BlackFilter - 黑名单用户 拦截访问openId为: oB5Zy63yEWI1Y5yMdYTjEbNoMUJE
2024-06-18 21:04:41 ERROR y.m.controller.CommonController - 文件下载失败: F:\CodeFile\mygoSchool\src\main\resources\static\QRcode (拒绝访问。)
2024-06-18 21:05:21 ERROR yirc.mygoschool.filter.BlackFilter - 黑名单用户 拦截访问openId为: oB5Zy63yEWI1Y5yMdYTjEbNoMUJE
2024-06-18 21:05:21 ERROR yirc.mygoschool.filter.BlackFilter - 黑名单用户 拦截访问openId为: oB5Zy63yEWI1Y5yMdYTjEbNoMUJE
2024-06-18 21:05:21 ERROR y.m.controller.CommonController - 文件下载失败: F:\CodeFile\mygoSchool\src\main\resources\static\QRcode (拒绝访问。)
2024-06-18 21:05:27 ERROR yirc.mygoschool.filter.BlackFilter - 黑名单用户 拦截访问openId为: oB5Zy63yEWI1Y5yMdYTjEbNoMUJE
2024-06-18 21:05:27 ERROR yirc.mygoschool.filter.BlackFilter - 黑名单用户 拦截访问openId为: oB5Zy63yEWI1Y5yMdYTjEbNoMUJE
2024-06-18 21:05:27 ERROR y.m.controller.CommonController - 文件下载失败: F:\CodeFile\mygoSchool\src\main\resources\static\QRcode (拒绝访问。)
2024-06-18 21:05:32 ERROR yirc.mygoschool.filter.BlackFilter - 黑名单用户 拦截访问openId为: oB5Zy63yEWI1Y5yMdYTjEbNoMUJE
2024-06-18 21:05:32 ERROR yirc.mygoschool.filter.BlackFilter - 黑名单用户 拦截访问openId为: oB5Zy63yEWI1Y5yMdYTjEbNoMUJE
2024-06-18 21:05:32 ERROR y.m.controller.CommonController - 文件下载失败: F:\CodeFile\mygoSchool\src\main\resources\static\QRcode (拒绝访问。)
2024-06-18 21:06:25 ERROR yirc.mygoschool.filter.BlackFilter - 黑名单用户 拦截访问openId为: oB5Zy63yEWI1Y5yMdYTjEbNoMUJE
2024-06-18 21:06:25 ERROR yirc.mygoschool.filter.BlackFilter - 黑名单用户 拦截访问openId为: oB5Zy63yEWI1Y5yMdYTjEbNoMUJE
2024-06-18 21:06:25 ERROR y.m.controller.CommonController - 文件下载失败: F:\CodeFile\mygoSchool\src\main\resources\static\QRcode (拒绝访问。)
2024-06-18 21:06:31 ERROR yirc.mygoschool.filter.BlackFilter - 黑名单用户 拦截访问openId为: oB5Zy63yEWI1Y5yMdYTjEbNoMUJE
2024-06-18 21:06:31 ERROR yirc.mygoschool.filter.BlackFilter - 黑名单用户 拦截访问openId为: oB5Zy63yEWI1Y5yMdYTjEbNoMUJE
2024-06-18 21:06:31 ERROR y.m.controller.CommonController - 文件下载失败: F:\CodeFile\mygoSchool\src\main\resources\static\QRcode (拒绝访问。)
2024-06-18 21:07:53 ERROR yirc.mygoschool.filter.BlackFilter - 黑名单用户 拦截访问openId为: oB5Zy63yEWI1Y5yMdYTjEbNoMUJE
2024-06-18 21:07:53 ERROR yirc.mygoschool.filter.BlackFilter - 黑名单用户 拦截访问openId为: oB5Zy63yEWI1Y5yMdYTjEbNoMUJE
2024-06-18 21:07:53 ERROR y.m.controller.CommonController - 文件下载失败: F:\CodeFile\mygoSchool\src\main\resources\static\QRcode (拒绝访问。)
2024-06-18 21:09:08 ERROR y.m.controller.CommonController - 文件下载失败: F:\CodeFile\mygoSchool\src\main\resources\static\QRcode (拒绝访问。)
2024-06-18 21:09:21 ERROR y.m.controller.CommonController - 文件下载失败: F:\CodeFile\mygoSchool\src\main\resources\static\QRcode (拒绝访问。)
2024-06-18 21:12:38 ERROR y.m.controller.CommonController - 文件下载失败: F:\CodeFile\mygoSchool\src\main\resources\static\shop\a9b62499-235b-4df7-b5fc-fbead7fcbb53.jpg (系统找不到指定的文件。)
2024-06-18 21:12:38 ERROR y.m.controller.CommonController - 文件下载失败: F:\CodeFile\mygoSchool\src\main\resources\static\shop\737cc093-c9cc-4664-86e9-d50fcf112e99.jpg (系统找不到指定的文件。)
2024-06-18 21:12:38 ERROR y.m.controller.CommonController - 文件下载失败: F:\CodeFile\mygoSchool\src\main\resources\static\shop\d217fc56-5018-4547-9391-1b5afe5524ef.jpg (系统找不到指定的文件。)
2024-06-18 21:12:38 ERROR y.m.controller.CommonController - 文件下载失败: F:\CodeFile\mygoSchool\src\main\resources\static\shop\838a9cc3-3a73-4869-9580-efd55ba06738.jpg (系统找不到指定的文件。)
2024-06-18 21:12:40 ERROR y.m.controller.CommonController - 文件下载失败: F:\CodeFile\mygoSchool\src\main\resources\static\QRcode (拒绝访问。)
2024-06-18 21:12:43 ERROR y.m.controller.CommonController - 文件下载失败: F:\CodeFile\mygoSchool\src\main\resources\static\shop\d217fc56-5018-4547-9391-1b5afe5524ef.jpg (系统找不到指定的文件。)
2024-06-18 21:13:28 ERROR y.m.controller.CommonController - 文件下载失败: F:\CodeFile\mygoSchool\src\main\resources\static\shop\82fcd6d2-847f-4c27-b7ef-c7506bd27059.jpg (系统找不到指定的文件。)
2024-06-18 21:13:28 ERROR y.m.controller.CommonController - 文件下载失败: F:\CodeFile\mygoSchool\src\main\resources\static\shop\f839c649-2ef8-445a-9189-37e0ceb380e4.jpg (系统找不到指定的文件。)
2024-06-18 21:13:28 ERROR y.m.controller.CommonController - 文件下载失败: F:\CodeFile\mygoSchool\src\main\resources\static\shop\d217fc56-5018-4547-9391-1b5afe5524ef.jpg (系统找不到指定的文件。)
2024-06-18 21:13:28 ERROR y.m.controller.CommonController - 文件下载失败: F:\CodeFile\mygoSchool\src\main\resources\static\shop\ddd2264b-8923-4ff4-a3d2-f7c68c129b4b.jpg (系统找不到指定的文件。)
2024-06-18 21:50:38 ERROR y.m.controller.CommonController - 文件下载失败: F:\CodeFile\mygoSchool\src\main\resources\static\shop\a9b62499-235b-4df7-b5fc-fbead7fcbb53.jpg (系统找不到指定的文件。)
2024-06-18 21:50:38 ERROR y.m.controller.CommonController - 文件下载失败: F:\CodeFile\mygoSchool\src\main\resources\static\shop\737cc093-c9cc-4664-86e9-d50fcf112e99.jpg (系统找不到指定的文件。)
2024-06-18 21:50:38 ERROR y.m.controller.CommonController - 文件下载失败: F:\CodeFile\mygoSchool\src\main\resources\static\shop\d217fc56-5018-4547-9391-1b5afe5524ef.jpg (系统找不到指定的文件。)
2024-06-18 21:50:43 ERROR yirc.mygoschool.filter.LoginFilter - http://127.0.0.1:33088/user/black 请求的token 令牌超时 请重新登录, token: eyJhbGciOiJIUzI1NiJ9.eyJvcGVuSWQiOiIyMDIyMDIwOTI2IiwiZXhwIjoxNzE4NzE3NDgyfQ.9_OYY87cGlvf261sVjAR0MRGdzrpQNfbbKa8V3xUr6M
2024-06-18 21:50:50 ERROR yirc.mygoschool.filter.BlackFilter - 黑名单用户 拦截访问openId为: oB5Zy63yEWI1Y5yMdYTjEbNoMUJE
2024-06-18 21:50:50 ERROR yirc.mygoschool.filter.BlackFilter - 黑名单用户 拦截访问openId为: oB5Zy63yEWI1Y5yMdYTjEbNoMUJE
2024-06-18 21:50:50 ERROR y.m.controller.CommonController - 文件下载失败: F:\CodeFile\mygoSchool\src\main\resources\static\QRcode (拒绝访问。)
2024-06-18 21:50:52 ERROR yirc.mygoschool.filter.BlackFilter - 黑名单用户 拦截访问openId为: oB5Zy63yEWI1Y5yMdYTjEbNoMUJE
2024-06-18 21:50:52 ERROR yirc.mygoschool.filter.BlackFilter - 黑名单用户 拦截访问openId为: oB5Zy63yEWI1Y5yMdYTjEbNoMUJE
2024-06-18 21:51:01 ERROR yirc.mygoschool.filter.BlackFilter - 黑名单用户 拦截访问openId为: oB5Zy63yEWI1Y5yMdYTjEbNoMUJE
2024-06-18 21:51:09 ERROR y.m.controller.CommonController - 文件下载失败: F:\CodeFile\mygoSchool\src\main\resources\static\shop\838a9cc3-3a73-4869-9580-efd55ba06738.jpg (系统找不到指定的文件。)
2024-06-18 21:51:10 ERROR y.m.controller.CommonController - 文件下载失败: F:\CodeFile\mygoSchool\src\main\resources\static\QRcode (拒绝访问。)
2024-06-18 22:00:34 ERROR y.m.controller.CommonController - 文件下载失败: F:\CodeFile\mygoSchool\src\main\resources\static\shop\a9b62499-235b-4df7-b5fc-fbead7fcbb53.jpg (系统找不到指定的文件。)
